<?xml version="1.0" encoding="UTF-8"?>
<testsuite xmlns:xsi="http://www.w3.org/2001/XMLSchema-instance" xsi:noNamespaceSchemaLocation="https://maven.apache.org/surefire/maven-surefire-plugin/xsd/surefire-test-report.xsd" name="MongoDBTest" time="0.471" tests="1" errors="0" skipped="0" failures="0">
  <properties>
    <property name="sun.desktop" value="windows"/>
    <property name="awt.toolkit" value="sun.awt.windows.WToolkit"/>
    <property name="file.encoding.pkg" value="sun.io"/>
    <property name="java.specification.version" value="1.8"/>
    <property name="sun.cpu.isalist" value="amd64"/>
    <property name="sun.jnu.encoding" value="GBK"/>
    <property name="java.class.path" value="F:\study\mongodb\target\test-classes;F:\study\mongodb\target\classes;D:\repo\org\springframework\data\spring-data-mongodb\3.1.7\spring-data-mongodb-3.1.7.jar;D:\repo\org\springframework\spring-tx\5.2.4.RELEASE\spring-tx-5.2.4.RELEASE.jar;D:\repo\org\springframework\spring-context\5.2.4.RELEASE\spring-context-5.2.4.RELEASE.jar;D:\repo\org\springframework\spring-aop\5.2.4.RELEASE\spring-aop-5.2.4.RELEASE.jar;D:\repo\org\springframework\spring-beans\5.2.4.RELEASE\spring-beans-5.2.4.RELEASE.jar;D:\repo\org\springframework\spring-core\5.2.4.RELEASE\spring-core-5.2.4.RELEASE.jar;D:\repo\org\springframework\spring-jcl\5.2.4.RELEASE\spring-jcl-5.2.4.RELEASE.jar;D:\repo\org\springframework\spring-expression\5.2.4.RELEASE\spring-expression-5.2.4.RELEASE.jar;D:\repo\org\springframework\data\spring-data-commons\2.2.5.RELEASE\spring-data-commons-2.2.5.RELEASE.jar;D:\repo\org\mongodb\mongodb-driver-core\3.11.2\mongodb-driver-core-3.11.2.jar;D:\repo\org\mongodb\bson\3.11.2\bson-3.11.2.jar;D:\repo\org\slf4j\slf4j-api\1.7.30\slf4j-api-1.7.30.jar;D:\repo\org\mongodb\mongo-java-driver\3.12.8\mongo-java-driver-3.12.8.jar;D:\repo\junit\junit\4.12\junit-4.12.jar;D:\repo\org\hamcrest\hamcrest-core\2.1\hamcrest-core-2.1.jar;D:\repo\org\springframework\boot\spring-boot-starter-data-mongodb\2.4.5\spring-boot-starter-data-mongodb-2.4.5.jar;D:\repo\org\springframework\boot\spring-boot-starter\2.2.5.RELEASE\spring-boot-starter-2.2.5.RELEASE.jar;D:\repo\org\springframework\boot\spring-boot\2.2.5.RELEASE\spring-boot-2.2.5.RELEASE.jar;D:\repo\org\springframework\boot\spring-boot-starter-logging\2.2.5.RELEASE\spring-boot-starter-logging-2.2.5.RELEASE.jar;D:\repo\ch\qos\logback\logback-classic\1.2.3\logback-classic-1.2.3.jar;D:\repo\ch\qos\logback\logback-core\1.2.3\logback-core-1.2.3.jar;D:\repo\org\apache\logging\log4j\log4j-to-slf4j\2.12.1\log4j-to-slf4j-2.12.1.jar;D:\repo\org\apache\logging\log4j\log4j-api\2.12.1\log4j-api-2.12.1.jar;D:\repo\org\slf4j\jul-to-slf4j\1.7.30\jul-to-slf4j-1.7.30.jar;D:\repo\jakarta\annotation\jakarta.annotation-api\1.3.5\jakarta.annotation-api-1.3.5.jar;D:\repo\org\yaml\snakeyaml\1.25\snakeyaml-1.25.jar;D:\repo\org\mongodb\mongodb-driver-sync\4.1.2\mongodb-driver-sync-4.1.2.jar;D:\repo\com\baomidou\mybatis-plus-boot-starter\3.0.5\mybatis-plus-boot-starter-3.0.5.jar;D:\repo\com\baomidou\mybatis-plus\3.0.5\mybatis-plus-3.0.5.jar;D:\repo\org\springframework\boot\spring-boot-autoconfigure\2.2.5.RELEASE\spring-boot-autoconfigure-2.2.5.RELEASE.jar;D:\repo\org\springframework\boot\spring-boot-starter-jdbc\2.2.5.RELEASE\spring-boot-starter-jdbc-2.2.5.RELEASE.jar;D:\repo\com\zaxxer\HikariCP\3.4.2\HikariCP-3.4.2.jar;D:\repo\org\springframework\spring-jdbc\5.2.4.RELEASE\spring-jdbc-5.2.4.RELEASE.jar;D:\repo\org\springframework\boot\spring-boot-configuration-processor\2.2.5.RELEASE\spring-boot-configuration-processor-2.2.5.RELEASE.jar;D:\repo\com\baomidou\mybatis-plus-generator\3.4.1\mybatis-plus-generator-3.4.1.jar;D:\repo\com\baomidou\mybatis-plus-extension\3.4.1\mybatis-plus-extension-3.4.1.jar;D:\repo\com\baomidou\mybatis-plus-core\3.4.1\mybatis-plus-core-3.4.1.jar;D:\repo\com\baomidou\mybatis-plus-annotation\3.4.1\mybatis-plus-annotation-3.4.1.jar;D:\repo\com\github\jsqlparser\jsqlparser\3.2\jsqlparser-3.2.jar;D:\repo\org\mybatis\mybatis\3.5.6\mybatis-3.5.6.jar;D:\repo\org\mybatis\mybatis-spring\2.0.5\mybatis-spring-2.0.5.jar;D:\repo\org\apache\velocity\velocity-engine-core\2.0\velocity-engine-core-2.0.jar;D:\repo\io\springfox\springfox-swagger2\2.9.2\springfox-swagger2-2.9.2.jar;D:\repo\io\swagger\swagger-annotations\1.5.20\swagger-annotations-1.5.20.jar;D:\repo\io\swagger\swagger-models\1.5.20\swagger-models-1.5.20.jar;D:\repo\com\fasterxml\jackson\core\jackson-annotations\2.10.2\jackson-annotations-2.10.2.jar;D:\repo\io\springfox\springfox-spi\2.9.2\springfox-spi-2.9.2.jar;D:\repo\io\springfox\springfox-core\2.9.2\springfox-core-2.9.2.jar;D:\repo\io\springfox\springfox-schema\2.9.2\springfox-schema-2.9.2.jar;D:\repo\io\springfox\springfox-swagger-common\2.9.2\springfox-swagger-common-2.9.2.jar;D:\repo\io\springfox\springfox-spring-web\2.9.2\springfox-spring-web-2.9.2.jar;D:\repo\com\google\guava\guava\20.0\guava-20.0.jar;D:\repo\com\fasterxml\classmate\1.5.1\classmate-1.5.1.jar;D:\repo\org\springframework\plugin\spring-plugin-core\1.2.0.RELEASE\spring-plugin-core-1.2.0.RELEASE.jar;D:\repo\org\springframework\plugin\spring-plugin-metadata\1.2.0.RELEASE\spring-plugin-metadata-1.2.0.RELEASE.jar;D:\repo\org\mapstruct\mapstruct\1.2.0.Final\mapstruct-1.2.0.Final.jar;D:\repo\io\springfox\springfox-swagger-ui\2.9.2\springfox-swagger-ui-2.9.2.jar;D:\repo\com\github\xiaoymin\swagger-bootstrap-ui\1.9.6\swagger-bootstrap-ui-1.9.6.jar;D:\repo\org\javassist\javassist\3.25.0-GA\javassist-3.25.0-GA.jar;D:\repo\org\springframework\boot\spring-boot-starter-test\2.2.5.RELEASE\spring-boot-starter-test-2.2.5.RELEASE.jar;D:\repo\org\springframework\boot\spring-boot-test\2.2.5.RELEASE\spring-boot-test-2.2.5.RELEASE.jar;D:\repo\org\springframework\boot\spring-boot-test-autoconfigure\2.2.5.RELEASE\spring-boot-test-autoconfigure-2.2.5.RELEASE.jar;D:\repo\com\jayway\jsonpath\json-path\2.4.0\json-path-2.4.0.jar;D:\repo\net\minidev\json-smart\2.3\json-smart-2.3.jar;D:\repo\net\minidev\accessors-smart\1.2\accessors-smart-1.2.jar;D:\repo\jakarta\xml\bind\jakarta.xml.bind-api\2.3.2\jakarta.xml.bind-api-2.3.2.jar;D:\repo\jakarta\activation\jakarta.activation-api\1.2.2\jakarta.activation-api-1.2.2.jar;D:\repo\org\junit\jupiter\junit-jupiter\5.5.2\junit-jupiter-5.5.2.jar;D:\repo\org\junit\jupiter\junit-jupiter-api\5.5.2\junit-jupiter-api-5.5.2.jar;D:\repo\org\opentest4j\opentest4j\1.2.0\opentest4j-1.2.0.jar;D:\repo\org\junit\platform\junit-platform-commons\1.5.2\junit-platform-commons-1.5.2.jar;D:\repo\org\junit\jupiter\junit-jupiter-params\5.5.2\junit-jupiter-params-5.5.2.jar;D:\repo\org\junit\jupiter\junit-jupiter-engine\5.5.2\junit-jupiter-engine-5.5.2.jar;D:\repo\org\junit\vintage\junit-vintage-engine\5.5.2\junit-vintage-engine-5.5.2.jar;D:\repo\org\apiguardian\apiguardian-api\1.1.0\apiguardian-api-1.1.0.jar;D:\repo\org\junit\platform\junit-platform-engine\1.5.2\junit-platform-engine-1.5.2.jar;D:\repo\org\mockito\mockito-junit-jupiter\3.1.0\mockito-junit-jupiter-3.1.0.jar;D:\repo\org\assertj\assertj-core\3.13.2\assertj-core-3.13.2.jar;D:\repo\org\hamcrest\hamcrest\2.1\hamcrest-2.1.jar;D:\repo\org\mockito\mockito-core\3.1.0\mockito-core-3.1.0.jar;D:\repo\net\bytebuddy\byte-buddy\1.10.8\byte-buddy-1.10.8.jar;D:\repo\net\bytebuddy\byte-buddy-agent\1.10.8\byte-buddy-agent-1.10.8.jar;D:\repo\org\objenesis\objenesis\2.6\objenesis-2.6.jar;D:\repo\org\skyscreamer\jsonassert\1.5.0\jsonassert-1.5.0.jar;D:\repo\com\vaadin\external\google\android-json\0.0.20131108.vaadin1\android-json-0.0.20131108.vaadin1.jar;D:\repo\org\springframework\spring-test\5.2.4.RELEASE\spring-test-5.2.4.RELEASE.jar;D:\repo\org\xmlunit\xmlunit-core\2.6.3\xmlunit-core-2.6.3.jar;D:\repo\org\apache\commons\commons-lang3\3.9\commons-lang3-3.9.jar;D:\repo\commons-fileupload\commons-fileupload\1.4\commons-fileupload-1.4.jar;D:\repo\commons-io\commons-io\2.6\commons-io-2.6.jar;D:\repo\com\alibaba\easyexcel\2.1.1\easyexcel-2.1.1.jar;D:\repo\org\apache\poi\poi\3.17\poi-3.17.jar;D:\repo\org\apache\commons\commons-collections4\4.1\commons-collections4-4.1.jar;D:\repo\org\apache\poi\poi-ooxml\3.17\poi-ooxml-3.17.jar;D:\repo\org\apache\poi\poi-ooxml-schemas\3.17\poi-ooxml-schemas-3.17.jar;D:\repo\com\github\virtuald\curvesapi\1.04\curvesapi-1.04.jar;D:\repo\cglib\cglib\3.1\cglib-3.1.jar;D:\repo\org\ow2\asm\asm\4.2\asm-4.2.jar;D:\repo\org\ehcache\ehcache\3.8.1\ehcache-3.8.1.jar;D:\repo\org\glassfish\jaxb\jaxb-runtime\2.3.2\jaxb-runtime-2.3.2.jar;D:\repo\org\glassfish\jaxb\txw2\2.3.2\txw2-2.3.2.jar;D:\repo\com\sun\istack\istack-commons-runtime\3.0.8\istack-commons-runtime-3.0.8.jar;D:\repo\org\jvnet\staxex\stax-ex\1.8.1\stax-ex-1.8.1.jar;D:\repo\com\sun\xml\fastinfoset\FastInfoset\1.2.16\FastInfoset-1.2.16.jar;D:\repo\org\apache\xmlbeans\xmlbeans\3.0.1\xmlbeans-3.0.1.jar;D:\repo\com\alibaba\fastjson\1.2.72\fastjson-1.2.72.jar;D:\repo\org\json\json\20170516\json-20170516.jar;D:\repo\com\google\code\gson\gson\2.8.6\gson-2.8.6.jar;D:\repo\com\aliyun\aliyun-java-sdk-core\4.1.1\aliyun-java-sdk-core-4.1.1.jar;D:\repo\javax\xml\bind\jaxb-api\2.3.1\jaxb-api-2.3.1.jar;D:\repo\javax\activation\javax.activation-api\1.2.0\javax.activation-api-1.2.0.jar;D:\repo\com\sun\xml\bind\jaxb-core\2.1.14\jaxb-core-2.1.14.jar;D:\repo\com\sun\xml\bind\jaxb-impl\2.1\jaxb-impl-2.1.jar;D:\repo\javax\activation\activation\1.1.1\activation-1.1.1.jar;D:\repo\com\aliyun\oss\aliyun-sdk-oss\3.9.1\aliyun-sdk-oss-3.9.1.jar;D:\repo\org\jdom\jdom\1.1\jdom-1.1.jar;D:\repo\org\codehaus\jettison\jettison\1.1\jettison-1.1.jar;D:\repo\stax\stax-api\1.0.1\stax-api-1.0.1.jar;D:\repo\com\aliyun\aliyun-java-sdk-ram\3.0.0\aliyun-java-sdk-ram-3.0.0.jar;D:\repo\com\aliyun\aliyun-java-sdk-sts\3.0.0\aliyun-java-sdk-sts-3.0.0.jar;D:\repo\com\aliyun\aliyun-java-sdk-ecs\4.2.0\aliyun-java-sdk-ecs-4.2.0.jar;D:\repo\com\aliyun\aliyun-java-sdk-kms\2.7.0\aliyun-java-sdk-kms-2.7.0.jar;D:\repo\joda-time\joda-time\2.10.1\joda-time-2.10.1.jar;D:\repo\io\jsonwebtoken\jjwt\0.7.0\jjwt-0.7.0.jar;D:\repo\com\fasterxml\jackson\core\jackson-databind\2.10.2\jackson-databind-2.10.2.jar;D:\repo\com\fasterxml\jackson\core\jackson-core\2.10.2\jackson-core-2.10.2.jar;D:\repo\org\apache\httpcomponents\httpclient\4.5.1\httpclient-4.5.1.jar;D:\repo\org\apache\httpcomponents\httpcore\4.4.13\httpcore-4.4.13.jar;D:\repo\commons-codec\commons-codec\1.13\commons-codec-1.13.jar;"/>
    <property name="java.vm.vendor" value="Oracle Corporation"/>
    <property name="sun.arch.data.model" value="64"/>
    <property name="user.variant" value=""/>
    <property name="java.vendor.url" value="http://java.oracle.com/"/>
    <property name="user.timezone" value="Asia/Shanghai"/>
    <property name="java.vm.specification.version" value="1.8"/>
    <property name="os.name" value="Windows 10"/>
    <property name="user.country" value="CN"/>
    <property name="sun.java.launcher" value="SUN_STANDARD"/>
    <property name="sun.boot.library.path" value="C:\Program Files\Java\jdk1.8.0_271\jre\bin"/>
    <property name="sun.java.command" value="C:\Users\ADMINI~1\AppData\Local\Temp\surefire2915098305189462642\surefirebooter2985926741226255904.jar C:\Users\Administrator\AppData\Local\Temp\surefire2915098305189462642 2021-04-22T15-46-44_821-jvmRun1 surefire6516825183079429620tmp surefire_08634616682073973044tmp"/>
    <property name="surefire.test.class.path" value="F:\study\mongodb\target\test-classes;F:\study\mongodb\target\classes;D:\repo\org\springframework\data\spring-data-mongodb\3.1.7\spring-data-mongodb-3.1.7.jar;D:\repo\org\springframework\spring-tx\5.2.4.RELEASE\spring-tx-5.2.4.RELEASE.jar;D:\repo\org\springframework\spring-context\5.2.4.RELEASE\spring-context-5.2.4.RELEASE.jar;D:\repo\org\springframework\spring-aop\5.2.4.RELEASE\spring-aop-5.2.4.RELEASE.jar;D:\repo\org\springframework\spring-beans\5.2.4.RELEASE\spring-beans-5.2.4.RELEASE.jar;D:\repo\org\springframework\spring-core\5.2.4.RELEASE\spring-core-5.2.4.RELEASE.jar;D:\repo\org\springframework\spring-jcl\5.2.4.RELEASE\spring-jcl-5.2.4.RELEASE.jar;D:\repo\org\springframework\spring-expression\5.2.4.RELEASE\spring-expression-5.2.4.RELEASE.jar;D:\repo\org\springframework\data\spring-data-commons\2.2.5.RELEASE\spring-data-commons-2.2.5.RELEASE.jar;D:\repo\org\mongodb\mongodb-driver-core\3.11.2\mongodb-driver-core-3.11.2.jar;D:\repo\org\mongodb\bson\3.11.2\bson-3.11.2.jar;D:\repo\org\slf4j\slf4j-api\1.7.30\slf4j-api-1.7.30.jar;D:\repo\org\mongodb\mongo-java-driver\3.12.8\mongo-java-driver-3.12.8.jar;D:\repo\junit\junit\4.12\junit-4.12.jar;D:\repo\org\hamcrest\hamcrest-core\2.1\hamcrest-core-2.1.jar;D:\repo\org\springframework\boot\spring-boot-starter-data-mongodb\2.4.5\spring-boot-starter-data-mongodb-2.4.5.jar;D:\repo\org\springframework\boot\spring-boot-starter\2.2.5.RELEASE\spring-boot-starter-2.2.5.RELEASE.jar;D:\repo\org\springframework\boot\spring-boot\2.2.5.RELEASE\spring-boot-2.2.5.RELEASE.jar;D:\repo\org\springframework\boot\spring-boot-starter-logging\2.2.5.RELEASE\spring-boot-starter-logging-2.2.5.RELEASE.jar;D:\repo\ch\qos\logback\logback-classic\1.2.3\logback-classic-1.2.3.jar;D:\repo\ch\qos\logback\logback-core\1.2.3\logback-core-1.2.3.jar;D:\repo\org\apache\logging\log4j\log4j-to-slf4j\2.12.1\log4j-to-slf4j-2.12.1.jar;D:\repo\org\apache\logging\log4j\log4j-api\2.12.1\log4j-api-2.12.1.jar;D:\repo\org\slf4j\jul-to-slf4j\1.7.30\jul-to-slf4j-1.7.30.jar;D:\repo\jakarta\annotation\jakarta.annotation-api\1.3.5\jakarta.annotation-api-1.3.5.jar;D:\repo\org\yaml\snakeyaml\1.25\snakeyaml-1.25.jar;D:\repo\org\mongodb\mongodb-driver-sync\4.1.2\mongodb-driver-sync-4.1.2.jar;D:\repo\com\baomidou\mybatis-plus-boot-starter\3.0.5\mybatis-plus-boot-starter-3.0.5.jar;D:\repo\com\baomidou\mybatis-plus\3.0.5\mybatis-plus-3.0.5.jar;D:\repo\org\springframework\boot\spring-boot-autoconfigure\2.2.5.RELEASE\spring-boot-autoconfigure-2.2.5.RELEASE.jar;D:\repo\org\springframework\boot\spring-boot-starter-jdbc\2.2.5.RELEASE\spring-boot-starter-jdbc-2.2.5.RELEASE.jar;D:\repo\com\zaxxer\HikariCP\3.4.2\HikariCP-3.4.2.jar;D:\repo\org\springframework\spring-jdbc\5.2.4.RELEASE\spring-jdbc-5.2.4.RELEASE.jar;D:\repo\org\springframework\boot\spring-boot-configuration-processor\2.2.5.RELEASE\spring-boot-configuration-processor-2.2.5.RELEASE.jar;D:\repo\com\baomidou\mybatis-plus-generator\3.4.1\mybatis-plus-generator-3.4.1.jar;D:\repo\com\baomidou\mybatis-plus-extension\3.4.1\mybatis-plus-extension-3.4.1.jar;D:\repo\com\baomidou\mybatis-plus-core\3.4.1\mybatis-plus-core-3.4.1.jar;D:\repo\com\baomidou\mybatis-plus-annotation\3.4.1\mybatis-plus-annotation-3.4.1.jar;D:\repo\com\github\jsqlparser\jsqlparser\3.2\jsqlparser-3.2.jar;D:\repo\org\mybatis\mybatis\3.5.6\mybatis-3.5.6.jar;D:\repo\org\mybatis\mybatis-spring\2.0.5\mybatis-spring-2.0.5.jar;D:\repo\org\apache\velocity\velocity-engine-core\2.0\velocity-engine-core-2.0.jar;D:\repo\io\springfox\springfox-swagger2\2.9.2\springfox-swagger2-2.9.2.jar;D:\repo\io\swagger\swagger-annotations\1.5.20\swagger-annotations-1.5.20.jar;D:\repo\io\swagger\swagger-models\1.5.20\swagger-models-1.5.20.jar;D:\repo\com\fasterxml\jackson\core\jackson-annotations\2.10.2\jackson-annotations-2.10.2.jar;D:\repo\io\springfox\springfox-spi\2.9.2\springfox-spi-2.9.2.jar;D:\repo\io\springfox\springfox-core\2.9.2\springfox-core-2.9.2.jar;D:\repo\io\springfox\springfox-schema\2.9.2\springfox-schema-2.9.2.jar;D:\repo\io\springfox\springfox-swagger-common\2.9.2\springfox-swagger-common-2.9.2.jar;D:\repo\io\springfox\springfox-spring-web\2.9.2\springfox-spring-web-2.9.2.jar;D:\repo\com\google\guava\guava\20.0\guava-20.0.jar;D:\repo\com\fasterxml\classmate\1.5.1\classmate-1.5.1.jar;D:\repo\org\springframework\plugin\spring-plugin-core\1.2.0.RELEASE\spring-plugin-core-1.2.0.RELEASE.jar;D:\repo\org\springframework\plugin\spring-plugin-metadata\1.2.0.RELEASE\spring-plugin-metadata-1.2.0.RELEASE.jar;D:\repo\org\mapstruct\mapstruct\1.2.0.Final\mapstruct-1.2.0.Final.jar;D:\repo\io\springfox\springfox-swagger-ui\2.9.2\springfox-swagger-ui-2.9.2.jar;D:\repo\com\github\xiaoymin\swagger-bootstrap-ui\1.9.6\swagger-bootstrap-ui-1.9.6.jar;D:\repo\org\javassist\javassist\3.25.0-GA\javassist-3.25.0-GA.jar;D:\repo\org\springframework\boot\spring-boot-starter-test\2.2.5.RELEASE\spring-boot-starter-test-2.2.5.RELEASE.jar;D:\repo\org\springframework\boot\spring-boot-test\2.2.5.RELEASE\spring-boot-test-2.2.5.RELEASE.jar;D:\repo\org\springframework\boot\spring-boot-test-autoconfigure\2.2.5.RELEASE\spring-boot-test-autoconfigure-2.2.5.RELEASE.jar;D:\repo\com\jayway\jsonpath\json-path\2.4.0\json-path-2.4.0.jar;D:\repo\net\minidev\json-smart\2.3\json-smart-2.3.jar;D:\repo\net\minidev\accessors-smart\1.2\accessors-smart-1.2.jar;D:\repo\jakarta\xml\bind\jakarta.xml.bind-api\2.3.2\jakarta.xml.bind-api-2.3.2.jar;D:\repo\jakarta\activation\jakarta.activation-api\1.2.2\jakarta.activation-api-1.2.2.jar;D:\repo\org\junit\jupiter\junit-jupiter\5.5.2\junit-jupiter-5.5.2.jar;D:\repo\org\junit\jupiter\junit-jupiter-api\5.5.2\junit-jupiter-api-5.5.2.jar;D:\repo\org\opentest4j\opentest4j\1.2.0\opentest4j-1.2.0.jar;D:\repo\org\junit\platform\junit-platform-commons\1.5.2\junit-platform-commons-1.5.2.jar;D:\repo\org\junit\jupiter\junit-jupiter-params\5.5.2\junit-jupiter-params-5.5.2.jar;D:\repo\org\junit\jupiter\junit-jupiter-engine\5.5.2\junit-jupiter-engine-5.5.2.jar;D:\repo\org\junit\vintage\junit-vintage-engine\5.5.2\junit-vintage-engine-5.5.2.jar;D:\repo\org\apiguardian\apiguardian-api\1.1.0\apiguardian-api-1.1.0.jar;D:\repo\org\junit\platform\junit-platform-engine\1.5.2\junit-platform-engine-1.5.2.jar;D:\repo\org\mockito\mockito-junit-jupiter\3.1.0\mockito-junit-jupiter-3.1.0.jar;D:\repo\org\assertj\assertj-core\3.13.2\assertj-core-3.13.2.jar;D:\repo\org\hamcrest\hamcrest\2.1\hamcrest-2.1.jar;D:\repo\org\mockito\mockito-core\3.1.0\mockito-core-3.1.0.jar;D:\repo\net\bytebuddy\byte-buddy\1.10.8\byte-buddy-1.10.8.jar;D:\repo\net\bytebuddy\byte-buddy-agent\1.10.8\byte-buddy-agent-1.10.8.jar;D:\repo\org\objenesis\objenesis\2.6\objenesis-2.6.jar;D:\repo\org\skyscreamer\jsonassert\1.5.0\jsonassert-1.5.0.jar;D:\repo\com\vaadin\external\google\android-json\0.0.20131108.vaadin1\android-json-0.0.20131108.vaadin1.jar;D:\repo\org\springframework\spring-test\5.2.4.RELEASE\spring-test-5.2.4.RELEASE.jar;D:\repo\org\xmlunit\xmlunit-core\2.6.3\xmlunit-core-2.6.3.jar;D:\repo\org\apache\commons\commons-lang3\3.9\commons-lang3-3.9.jar;D:\repo\commons-fileupload\commons-fileupload\1.4\commons-fileupload-1.4.jar;D:\repo\commons-io\commons-io\2.6\commons-io-2.6.jar;D:\repo\com\alibaba\easyexcel\2.1.1\easyexcel-2.1.1.jar;D:\repo\org\apache\poi\poi\3.17\poi-3.17.jar;D:\repo\org\apache\commons\commons-collections4\4.1\commons-collections4-4.1.jar;D:\repo\org\apache\poi\poi-ooxml\3.17\poi-ooxml-3.17.jar;D:\repo\org\apache\poi\poi-ooxml-schemas\3.17\poi-ooxml-schemas-3.17.jar;D:\repo\com\github\virtuald\curvesapi\1.04\curvesapi-1.04.jar;D:\repo\cglib\cglib\3.1\cglib-3.1.jar;D:\repo\org\ow2\asm\asm\4.2\asm-4.2.jar;D:\repo\org\ehcache\ehcache\3.8.1\ehcache-3.8.1.jar;D:\repo\org\glassfish\jaxb\jaxb-runtime\2.3.2\jaxb-runtime-2.3.2.jar;D:\repo\org\glassfish\jaxb\txw2\2.3.2\txw2-2.3.2.jar;D:\repo\com\sun\istack\istack-commons-runtime\3.0.8\istack-commons-runtime-3.0.8.jar;D:\repo\org\jvnet\staxex\stax-ex\1.8.1\stax-ex-1.8.1.jar;D:\repo\com\sun\xml\fastinfoset\FastInfoset\1.2.16\FastInfoset-1.2.16.jar;D:\repo\org\apache\xmlbeans\xmlbeans\3.0.1\xmlbeans-3.0.1.jar;D:\repo\com\alibaba\fastjson\1.2.72\fastjson-1.2.72.jar;D:\repo\org\json\json\20170516\json-20170516.jar;D:\repo\com\google\code\gson\gson\2.8.6\gson-2.8.6.jar;D:\repo\com\aliyun\aliyun-java-sdk-core\4.1.1\aliyun-java-sdk-core-4.1.1.jar;D:\repo\javax\xml\bind\jaxb-api\2.3.1\jaxb-api-2.3.1.jar;D:\repo\javax\activation\javax.activation-api\1.2.0\javax.activation-api-1.2.0.jar;D:\repo\com\sun\xml\bind\jaxb-core\2.1.14\jaxb-core-2.1.14.jar;D:\repo\com\sun\xml\bind\jaxb-impl\2.1\jaxb-impl-2.1.jar;D:\repo\javax\activation\activation\1.1.1\activation-1.1.1.jar;D:\repo\com\aliyun\oss\aliyun-sdk-oss\3.9.1\aliyun-sdk-oss-3.9.1.jar;D:\repo\org\jdom\jdom\1.1\jdom-1.1.jar;D:\repo\org\codehaus\jettison\jettison\1.1\jettison-1.1.jar;D:\repo\stax\stax-api\1.0.1\stax-api-1.0.1.jar;D:\repo\com\aliyun\aliyun-java-sdk-ram\3.0.0\aliyun-java-sdk-ram-3.0.0.jar;D:\repo\com\aliyun\aliyun-java-sdk-sts\3.0.0\aliyun-java-sdk-sts-3.0.0.jar;D:\repo\com\aliyun\aliyun-java-sdk-ecs\4.2.0\aliyun-java-sdk-ecs-4.2.0.jar;D:\repo\com\aliyun\aliyun-java-sdk-kms\2.7.0\aliyun-java-sdk-kms-2.7.0.jar;D:\repo\joda-time\joda-time\2.10.1\joda-time-2.10.1.jar;D:\repo\io\jsonwebtoken\jjwt\0.7.0\jjwt-0.7.0.jar;D:\repo\com\fasterxml\jackson\core\jackson-databind\2.10.2\jackson-databind-2.10.2.jar;D:\repo\com\fasterxml\jackson\core\jackson-core\2.10.2\jackson-core-2.10.2.jar;D:\repo\org\apache\httpcomponents\httpclient\4.5.1\httpclient-4.5.1.jar;D:\repo\org\apache\httpcomponents\httpcore\4.4.13\httpcore-4.4.13.jar;D:\repo\commons-codec\commons-codec\1.13\commons-codec-1.13.jar;"/>
    <property name="sun.cpu.endian" value="little"/>
    <property name="user.home" value="C:\Users\Administrator"/>
    <property name="user.language" value="zh"/>
    <property name="java.specification.vendor" value="Oracle Corporation"/>
    <property name="java.home" value="C:\Program Files\Java\jdk1.8.0_271\jre"/>
    <property name="basedir" value="F:\study\mongodb"/>
    <property name="file.separator" value="\"/>
    <property name="line.separator" value="&#10;"/>
    <property name="idea.version2019.2.4" value="true"/>
    <property name="java.vm.specification.vendor" value="Oracle Corporation"/>
    <property name="java.specification.name" value="Java Platform API Specification"/>
    <property name="java.awt.graphicsenv" value="sun.awt.Win32GraphicsEnvironment"/>
    <property name="surefire.real.class.path" value="C:\Users\ADMINI~1\AppData\Local\Temp\surefire2915098305189462642\surefirebooter2985926741226255904.jar"/>
    <property name="sun.boot.class.path" value="C:\Program Files\Java\jdk1.8.0_271\jre\lib\resources.jar;C:\Program Files\Java\jdk1.8.0_271\jre\lib\rt.jar;C:\Program Files\Java\jdk1.8.0_271\jre\lib\sunrsasign.jar;C:\Program Files\Java\jdk1.8.0_271\jre\lib\jsse.jar;C:\Program Files\Java\jdk1.8.0_271\jre\lib\jce.jar;C:\Program Files\Java\jdk1.8.0_271\jre\lib\charsets.jar;C:\Program Files\Java\jdk1.8.0_271\jre\lib\jfr.jar;C:\Program Files\Java\jdk1.8.0_271\jre\classes"/>
    <property name="user.script" value=""/>
    <property name="sun.management.compiler" value="HotSpot 64-Bit Tiered Compilers"/>
    <property name="java.runtime.version" value="1.8.0_271-b09"/>
    <property name="user.name" value="Administrator"/>
    <property name="path.separator" value=";"/>
    <property name="os.version" value="10.0"/>
    <property name="java.endorsed.dirs" value="C:\Program Files\Java\jdk1.8.0_271\jre\lib\endorsed"/>
    <property name="java.runtime.name" value="Java(TM) SE Runtime Environment"/>
    <property name="file.encoding" value="GBK"/>
    <property name="java.vm.name" value="Java HotSpot(TM) 64-Bit Server VM"/>
    <property name="localRepository" value="D:\repo"/>
    <property name="java.vendor.url.bug" value="http://bugreport.sun.com/bugreport/"/>
    <property name="java.io.tmpdir" value="C:\Users\ADMINI~1\AppData\Local\Temp\"/>
    <property name="java.version" value="1.8.0_271"/>
    <property name="user.dir" value="F:\study\mongodb"/>
    <property name="os.arch" value="amd64"/>
    <property name="java.vm.specification.name" value="Java Virtual Machine Specification"/>
    <property name="java.awt.printerjob" value="sun.awt.windows.WPrinterJob"/>
    <property name="sun.os.patch.level" value=""/>
    <property name="java.library.path" value="C:\Program Files\Java\jdk1.8.0_271\jre\bin;C:\Windows\Sun\Java\bin;C:\Windows\system32;C:\Windows;D:\myproject\vmware\bin\;C:\Program Files (x86)\Common Files\Oracle\Java\javapath;C:\Windows\system32;C:\Windows;C:\Windows\System32\Wbem;C:\Windows\System32\WindowsPowerShell\v1.0\;C:\Windows\System32\OpenSSH\;C:\Go\bin;D:\apache-maven-3.5.4\bin;D:\softdownload\node\node_global;C:\Program Files\Java\jdk1.8.0_271\bin;C:\Program Files\Java\jdk1.8.0_271\jre\bin;D:\softdownload\Gits\cmd;D:\softdownload\node;C:\Program Files\nodejs\;C:\Program Files\nodejs\node_global;D:\softdownload\;C:\Program Files\TortoiseGit\bin;C:\Program Files\python;C:\Program Files\python\Scripts;D:\BtSoft\panel\script;C:\Program Files (x86)\scala\bin;F:\gradle-6.1\bin;C:\Users\Administrator\AppData\Local\Microsoft\WindowsApps;;D:\IntelliJ IDEA 2019.2.4\bin;;D:\softdownload\Microsoft VS Code\bin;D:\softdownload\WebStorm 2020.3\bin;;C:\Users\Administrator\go\bin;D:\softdownload\GoLand 2020.3\bin;;C:\Users\Administrator\AppData\Roaming\npm;."/>
    <property name="java.vm.info" value="mixed mode"/>
    <property name="java.vendor" value="Oracle Corporation"/>
    <property name="java.vm.version" value="25.271-b09"/>
    <property name="java.ext.dirs" value="C:\Program Files\Java\jdk1.8.0_271\jre\lib\ext;C:\Windows\Sun\Java\lib\ext"/>
    <property name="sun.io.unicode.encoding" value="UnicodeLittle"/>
    <property name="java.class.version" value="52.0"/>
  </properties>
  <testcase name="testInit" classname="MongoDBTest" time="0.469"/>
</testsuite>